2017-06-15 11:32:28.021  INFO 8487 --- [main] cn.com.yxb.springboot.MyApplication      : Starting MyApplication on bogon with PID 8487 (/Users/bin/project/springboot-admin/springboot-web/build/classes/main started by bin in /Users/bin/project/springboot-admin)
2017-06-15 11:32:28.027  INFO 8487 --- [main] cn.com.yxb.springboot.MyApplication      : No active profile set, falling back to default profiles: default
2017-06-15 11:32:28.525  INFO 8487 --- [main] ationConfigEmbeddedWebApplicationContext : Refreshing org.springframework.boot.context.embedded.AnnotationConfigEmbeddedWebApplicationContext@1a18644: startup date [Thu Jun 15 11:32:28 CST 2017]; root of context hierarchy
2017-06-15 11:32:29.096  WARN 8487 --- [main] o.m.s.mapper.ClassPathMapperScanner      : No MyBatis mapper was found in '[cn.com.yxb.springboot.mapper2]' package. Please check your configuration.
2017-06-15 11:32:30.201  INFO 8487 --- [main] s.b.c.e.t.TomcatEmbeddedServletContainer : Tomcat initialized with port(s): 8081 (http)
2017-06-15 11:32:30.259  INFO 8487 --- [main] o.apache.catalina.core.StandardService   : Starting service Tomcat
2017-06-15 11:32:30.265  INFO 8487 --- [main] org.apache.catalina.core.StandardEngine  : Starting Servlet Engine: Apache Tomcat/8.5.14
2017-06-15 11:32:30.717  INFO 8487 --- [localhost-startStop-1] o.a.c.c.C.[Tomcat].[localhost].[/]       : Initializing Spring embedded WebApplicationContext
2017-06-15 11:32:30.720  INFO 8487 --- [localhost-startStop-1] o.s.web.context.ContextLoader            : Root WebApplicationContext: initialization completed in 2199 ms
2017-06-15 11:32:31.281  INFO 8487 --- [localhost-startStop-1] o.s.b.w.servlet.ServletRegistrationBean  : Mapping servlet: 'dispatcherServlet' to [/]
2017-06-15 11:32:31.296  INFO 8487 --- [localhost-startStop-1] o.s.b.w.servlet.FilterRegistrationBean   : Mapping filter: 'characterEncodingFilter' to: [/*]
2017-06-15 11:32:31.297  INFO 8487 --- [localhost-startStop-1] o.s.b.w.servlet.FilterRegistrationBean   : Mapping filter: 'hiddenHttpMethodFilter' to: [/*]
2017-06-15 11:32:31.298  INFO 8487 --- [localhost-startStop-1] o.s.b.w.servlet.FilterRegistrationBean   : Mapping filter: 'httpPutFormContentFilter' to: [/*]
2017-06-15 11:32:31.298  INFO 8487 --- [localhost-startStop-1] o.s.b.w.servlet.FilterRegistrationBean   : Mapping filter: 'requestContextFilter' to: [/*]
2017-06-15 11:32:32.330  INFO 8487 --- [main] org.quartz.impl.StdSchedulerFactory      : Using default implementation for ThreadExecutor
2017-06-15 11:32:32.349  INFO 8487 --- [main] org.quartz.core.SchedulerSignalerImpl    : Initialized Scheduler Signaller of type: class org.quartz.core.SchedulerSignalerImpl
2017-06-15 11:32:32.350  INFO 8487 --- [main] org.quartz.core.QuartzScheduler          : Quartz Scheduler v.2.2.1 created.
2017-06-15 11:32:32.351  INFO 8487 --- [main] org.quartz.core.QuartzScheduler          : JobFactory set to: org.quartz.simpl.SimpleJobFactory@52d6d273
2017-06-15 11:32:32.351  INFO 8487 --- [main] org.quartz.simpl.RAMJobStore             : RAMJobStore initialized.
2017-06-15 11:32:32.352  INFO 8487 --- [main] org.quartz.core.QuartzScheduler          : Scheduler meta-data: Quartz Scheduler (v2.2.1) 'QuartzScheduler' with instanceId 'NON_CLUSTERED'
  Scheduler class: 'org.quartz.core.QuartzScheduler' - running locally.
  NOT STARTED.
  Currently in standby mode.
  Number of jobs executed: 0
  Using thread pool 'org.quartz.simpl.SimpleThreadPool' - with 5 threads.
  Using job-store 'org.quartz.simpl.RAMJobStore' - which does not support persistence. and is not clustered.

2017-06-15 11:32:32.353  INFO 8487 --- [main] org.quartz.impl.StdSchedulerFactory      : Quartz scheduler 'QuartzScheduler' initialized from an externally provided properties instance.
2017-06-15 11:32:32.353  INFO 8487 --- [main] org.quartz.impl.StdSchedulerFactory      : Quartz scheduler version: 2.2.1
2017-06-15 11:32:32.353  INFO 8487 --- [main] org.quartz.core.QuartzScheduler          : Scheduler QuartzScheduler_$_NON_CLUSTERED started.
2017-06-15 11:32:32.660  INFO 8487 --- [main] s.w.s.m.m.a.RequestMappingHandlerAdapter : Looking for @ControllerAdvice: org.springframework.boot.context.embedded.AnnotationConfigEmbeddedWebApplicationContext@1a18644: startup date [Thu Jun 15 11:32:28 CST 2017]; root of context hierarchy
2017-06-15 11:32:32.729  INFO 8487 --- [main] s.w.s.m.m.a.RequestMappingHandlerMapping : Mapped "{[/updateDynamicScheduledTask]}" onto public java.lang.String cn.com.yxb.springboot.controller.TaskController.updateDynamicScheduledTask(javax.servlet.http.HttpServletRequest,javax.servlet.http.HttpServletResponse)
2017-06-15 11:32:32.732  INFO 8487 --- [main] s.w.s.m.m.a.RequestMappingHandlerMapping : Mapped "{[/user/login],methods=[GET]}" onto public java.lang.String cn.com.yxb.springboot.controller.UserController.userLogin(java.lang.String,java.lang.String)
2017-06-15 11:32:32.734  INFO 8487 --- [main] s.w.s.m.m.a.RequestMappingHandlerMapping : Mapped "{[/error]}" onto public org.springframework.http.ResponseEntity<java.util.Map<java.lang.String, java.lang.Object>> org.springframework.boot.autoconfigure.web.BasicErrorController.error(javax.servlet.http.HttpServletRequest)
2017-06-15 11:32:32.734  INFO 8487 --- [main] s.w.s.m.m.a.RequestMappingHandlerMapping : Mapped "{[/error],produces=[text/html]}" onto public org.springframework.web.servlet.ModelAndView org.springframework.boot.autoconfigure.web.BasicErrorController.errorHtml(javax.servlet.http.HttpServletRequest,javax.servlet.http.HttpServletResponse)
2017-06-15 11:32:32.768  INFO 8487 --- [main] o.s.w.s.handler.SimpleUrlHandlerMapping  : Mapped URL path [/webjars/**] onto handler of type [class org.springframework.web.servlet.resource.ResourceHttpRequestHandler]
2017-06-15 11:32:32.768  INFO 8487 --- [main] o.s.w.s.handler.SimpleUrlHandlerMapping  : Mapped URL path [/**] onto handler of type [class org.springframework.web.servlet.resource.ResourceHttpRequestHandler]
2017-06-15 11:32:32.808  INFO 8487 --- [main] o.s.w.s.handler.SimpleUrlHandlerMapping  : Mapped URL path [/**/favicon.ico] onto handler of type [class org.springframework.web.servlet.resource.ResourceHttpRequestHandler]
2017-06-15 11:32:33.728  INFO 8487 --- [main] o.s.j.e.a.AnnotationMBeanExporter        : Registering beans for JMX exposure on startup
2017-06-15 11:32:33.742  INFO 8487 --- [main] s.a.ScheduledAnnotationBeanPostProcessor : No TaskScheduler/ScheduledExecutorService bean found for scheduled processing
2017-06-15 11:32:33.825  INFO 8487 --- [main] s.b.c.e.t.TomcatEmbeddedServletContainer : Tomcat started on port(s): 8081 (http)
2017-06-15 11:32:33.831  INFO 8487 --- [main] cn.com.yxb.springboot.MyApplication      : Started MyApplication in 6.6 seconds (JVM running for 7.374)
2017-06-15 11:32:39.396  INFO 8487 --- [Thread-3] ationConfigEmbeddedWebApplicationContext : Closing org.springframework.boot.context.embedded.AnnotationConfigEmbeddedWebApplicationContext@1a18644: startup date [Thu Jun 15 11:32:28 CST 2017]; root of context hierarchy
2017-06-15 11:32:39.398  INFO 8487 --- [Thread-3] o.s.j.e.a.AnnotationMBeanExporter        : Unregistering JMX-exposed beans on shutdown
2017-06-15 11:32:39.399  INFO 8487 --- [Thread-3] org.quartz.core.QuartzScheduler          : Scheduler QuartzScheduler_$_NON_CLUSTERED shutting down.
2017-06-15 11:32:39.399  INFO 8487 --- [Thread-3] org.quartz.core.QuartzScheduler          : Scheduler QuartzScheduler_$_NON_CLUSTERED paused.
2017-06-15 11:32:39.400  INFO 8487 --- [Thread-3] org.quartz.core.QuartzScheduler          : Scheduler QuartzScheduler_$_NON_CLUSTERED shutdown complete.
